2015/02/13 10:35:41 [error] [exception.CException] exception 'CException' with message 'UserController and its behaviors do not have a method or closure named "register".' in Z:\home\batareiki.by\framework\base\CComponent.php:266
Stack trace:
#0 Z:\home\batareiki.by\www\protected\controllers\UserController.php(11): CComponent->__call('register', Array)
#1 Z:\home\batareiki.by\www\protected\controllers\UserController.php(11): UserController->register('login', Array)
#2 Z:\home\batareiki.by\framework\web\actions\CInlineAction.php(49): UserController->actionRegister()
#3 Z:\home\batareiki.by\framework\web\CController.php(308): CInlineAction->runWithParams(Array)
#4 Z:\home\batareiki.by\framework\web\CController.php(286): CController->runAction(Object(CInlineAction))
#5 Z:\home\batareiki.by\framework\web\CController.php(265): CController->runActionWithFilters(Object(CInlineAction), Array)
#6 Z:\home\batareiki.by\framework\web\CWebApplication.php(282): CController->run('register')
#7 Z:\home\batareiki.by\framework\web\CWebApplication.php(141): CWebApplication->runController('user/register')
#8 Z:\home\batareiki.by\framework\base\CApplication.php(184): CWebApplication->processRequest()
#9 Z:\home\batareiki.by\www\index.php(11): CApplication->run()
#10 {main}
REQUEST_URI=/index.php/user/register
---
2015/02/13 10:36:39 [error] [exception.CException] exception 'CException' with message 'UserController and its behaviors do not have a method or closure named "register".' in Z:\home\batareiki.by\framework\base\CComponent.php:266
Stack trace:
#0 Z:\home\batareiki.by\www\protected\controllers\UserController.php(11): CComponent->__call('register', Array)
#1 Z:\home\batareiki.by\www\protected\controllers\UserController.php(11): UserController->register('register', Array)
#2 Z:\home\batareiki.by\framework\web\actions\CInlineAction.php(49): UserController->actionRegister()
#3 Z:\home\batareiki.by\framework\web\CController.php(308): CInlineAction->runWithParams(Array)
#4 Z:\home\batareiki.by\framework\web\CController.php(286): CController->runAction(Object(CInlineAction))
#5 Z:\home\batareiki.by\framework\web\CController.php(265): CController->runActionWithFilters(Object(CInlineAction), Array)
#6 Z:\home\batareiki.by\framework\web\CWebApplication.php(282): CController->run('register')
#7 Z:\home\batareiki.by\framework\web\CWebApplication.php(141): CWebApplication->runController('user/register')
#8 Z:\home\batareiki.by\framework\base\CApplication.php(184): CWebApplication->processRequest()
#9 Z:\home\batareiki.by\www\index.php(11): CApplication->run()
#10 {main}
REQUEST_URI=/index.php/user/register
---
2015/02/13 10:36:39 [error] [exception.CException] exception 'CException' with message 'UserController and its behaviors do not have a method or closure named "register".' in Z:\home\batareiki.by\framework\base\CComponent.php:266
Stack trace:
#0 Z:\home\batareiki.by\www\protected\controllers\UserController.php(11): CComponent->__call('register', Array)
#1 Z:\home\batareiki.by\www\protected\controllers\UserController.php(11): UserController->register('register', Array)
#2 Z:\home\batareiki.by\framework\web\actions\CInlineAction.php(49): UserController->actionRegister()
#3 Z:\home\batareiki.by\framework\web\CController.php(308): CInlineAction->runWithParams(Array)
#4 Z:\home\batareiki.by\framework\web\CController.php(286): CController->runAction(Object(CInlineAction))
#5 Z:\home\batareiki.by\framework\web\CController.php(265): CController->runActionWithFilters(Object(CInlineAction), Array)
#6 Z:\home\batareiki.by\framework\web\CWebApplication.php(282): CController->run('register')
#7 Z:\home\batareiki.by\framework\web\CWebApplication.php(141): CWebApplication->runController('user/register')
#8 Z:\home\batareiki.by\framework\base\CApplication.php(184): CWebApplication->processRequest()
#9 Z:\home\batareiki.by\www\index.php(11): CApplication->run()
#10 {main}
REQUEST_URI=/index.php/user/register
---
2015/02/13 10:38:45 [error] [exception.CException] exception 'CException' with message 'UserController and its behaviors do not have a method or closure named "register".' in Z:\home\batareiki.by\framework\base\CComponent.php:266
Stack trace:
#0 Z:\home\batareiki.by\www\protected\controllers\UserController.php(11): CComponent->__call('register', Array)
#1 Z:\home\batareiki.by\www\protected\controllers\UserController.php(11): UserController->register('register', Array)
#2 Z:\home\batareiki.by\framework\web\actions\CInlineAction.php(49): UserController->actionRegister()
#3 Z:\home\batareiki.by\framework\web\CController.php(308): CInlineAction->runWithParams(Array)
#4 Z:\home\batareiki.by\framework\web\CController.php(286): CController->runAction(Object(CInlineAction))
#5 Z:\home\batareiki.by\framework\web\CController.php(265): CController->runActionWithFilters(Object(CInlineAction), Array)
#6 Z:\home\batareiki.by\framework\web\CWebApplication.php(282): CController->run('register')
#7 Z:\home\batareiki.by\framework\web\CWebApplication.php(141): CWebApplication->runController('user/register')
#8 Z:\home\batareiki.by\framework\base\CApplication.php(184): CWebApplication->processRequest()
#9 Z:\home\batareiki.by\www\index.php(11): CApplication->run()
#10 {main}
REQUEST_URI=/index.php/user/register
---
2015/02/13 10:54:10 [error] [exception.CHttpException.404] exception 'CHttpException' with message 'The system is unable to find the requested action "registered".' in Z:\home\batareiki.by\framework\web\CController.php:483
Stack trace:
#0 Z:\home\batareiki.by\framework\web\CController.php(270): CController->missingAction('registered')
#1 Z:\home\batareiki.by\framework\web\CWebApplication.php(282): CController->run('registered')
#2 Z:\home\batareiki.by\framework\web\CWebApplication.php(141): CWebApplication->runController('user/registered')
#3 Z:\home\batareiki.by\framework\base\CApplication.php(184): CWebApplication->processRequest()
#4 Z:\home\batareiki.by\www\index.php(14): CApplication->run()
#5 {main}
REQUEST_URI=/index.php/user/registered
HTTP_REFERER=http://batareiki.by/index.php/user/register
---
